<?xml version="1.0" encoding="UTF-8" ?>
<testsuite tests="1" failures="0" name="runner.RunTest" time="0.077" errors="1" skipped="0">
  <properties>
[...]
</properties>
  <testcase classname="User Sign In to OSME portal" name="SignUp Functionality" time="0.077">
    <error type="java.lang.NullPointerException">java.lang.NullPointerException
	at uk.os.utils.BrowserFactory.getRemoteDriver(BrowserFactory.java:52)
	at uk.os.utils.SeleniumBaseFile.sharedDriver(SeleniumBaseFile.java:38)
	at uk.os.stepdefinations.CommonStepDef.selenium_is_required(CommonStepDef.java:50)
	at ✽.selenium is required(src/test/resources/Featurefiles/1.0.2.SignIn.feature:5)
</error>
    <system-out>2019-02-05 10:59:02,878  INFO [main] SeleniumBaseFile:49 - load Object Repository
 2019-02-05 10:59:02,881  INFO [main] SeleniumBaseFile:61 - Load Config Repository
 </system-out>
    <system-err>log4j:WARN File option not set for appender [R].
log4j:WARN Are you using FileAppender instead of ConsoleAppender?
log4j:ERROR No output stream or file set for the appender named [R].
</system-err>
  </testcase>
</testsuite>